Arguments: 
  C:\Program Files\nodejs\node.exe C:\Users\henrique.schaffer\AppData\Roaming\npm\node_modules\yarn\bin\yarn.js init

PATH: 
  C:\oraclexe\app\oracle\product\10.2.0\server\bin;C:\Program Files (x86)\VMware\VMware Player\bin\;C:\Program Files (x86)\Common Files\Intel\Shared Files\cpp\bin\Intel64;C:\Program Files (x86)\Common Files\Oracle\Java\javapath;C:\Windows\system32;C:\Windows;C:\Windows\System32\Wbem;C:\Windows\System32\WindowsPowerShell\v1.0\;C:\Windows\System32\OpenSSH\;C:\Program Files\Microsoft Office\root\Office16;C:\Program Files\Microsoft Office\root\Office14;C:\Program Files (x86)\Microsoft Office\root\Office16;C:\Program Files\nodejs\;C:\Program Files\Git\cmd;C:\Program Files\Microsoft SQL Server\Client SDK\ODBC\170\Tools\Binn\;C:\Program Files (x86)\Microsoft SQL Server\150\Tools\Binn\;C:\Program Files\Microsoft SQL Server\150\Tools\Binn\;C:\Program Files\Microsoft SQL Server\150\DTS\Binn\;C:\Program Files (x86)\Microsoft SQL Server\150\DTS\Binn\;C:\Program Files\Azure Data Studio\bin;C:\Program Files\Microsoft\Web Platform Installer\;C:\Program Files\TortoiseGit\bin;C:\Program Files (x86)\php\v7.4;C:\composer;C:\Users\henrique.schaffer\AppData\Local\Microsoft\WindowsApps;;C:\Users\henrique.schaffer\AppData\Local\Programs\Microsoft VS Code\bin;C:\Users\henrique.schaffer\AppData\Roaming\npm;C:\Program Files\Azure Data Studio\bin;C:\Users\henrique.schaffer\AppData\Roaming\Composer\vendor\bin

Yarn version: 
  1.22.10

Node version: 
  14.16.1

Platform: 
  win32 x64

Trace: 
  Error: canceled
      at Interface.<anonymous> (C:\Users\henrique.schaffer\AppData\Roaming\npm\node_modules\yarn\lib\cli.js:136216:13)
      at Interface.emit (events.js:315:20)
      at Interface._ttyWrite (readline.js:875:16)
      at ReadStream.onkeypress (readline.js:213:10)
      at ReadStream.emit (events.js:315:20)
      at emitKeys (internal/readline/utils.js:345:14)
      at emitKeys.next (<anonymous>)
      at ReadStream.onData (readline.js:1144:36)
      at ReadStream.emit (events.js:315:20)
      at addChunk (internal/streams/readable.js:309:12)

npm manifest: 
  No manifest

yarn manifest: 
  No manifest

Lockfile: 
  No lockfile
